C51 COMPILER V9.54   __________                                                            11/06/2019 10:53:11 PAGE 1   


C51 COMPILER V9.54, COMPILATION OF MODULE __________
OBJECT MODULE PLACED IN .\Objects\延时流水灯.obj
COMPILER INVOKED BY: E:\program file\keil4\C51\BIN\C51.EXE 延时流水灯.c OPTIMIZE(8,SPEED) BROWSE DEBUG OBJECTEXTEND PRIN
                    -T(.\Listings\延时流水灯.lst) TABS(2) OBJECT(.\Objects\延时流水灯.obj)

line level    source

   1          #include "reg52.h"
   2          
   3          void delay(void)
   4          {
   5   1        int t = 20000;
   6   1        int i;
   7   1        for(i=t;i>0;i--);
   8   1      }
   9          void main(void)
  10          {
  11   1        int i=0;
  12   1        char led=0x01;
  13   1        while(1)
  14   1        {
  15   2          P0=0xfe;
  16   2          delay();
  17   2          P0=0xfd;
  18   2          delay();
  19   2          P0=0xfb;
  20   2          delay();
  21   2          P0=0xf7;
  22   2          delay();
  23   2          P0=0xef;
  24   2          delay();
  25   2          P0=0xdf;
  26   2          delay();
  27   2          P0=0xbf;
  28   2          delay();
  29   2          P0=0x7f;
  30   2          delay();
  31   2        }
  32   1      }


MODULE INFORMATION:   STATIC OVERLAYABLE
   CODE SIZE        =     81    ----
   CONSTANT SIZE    =   ----    ----
   XDATA SIZE       =   ----    ----
   PDATA SIZE       =   ----    ----
   DATA SIZE        =   ----       3
   IDATA SIZE       =   ----    ----
   BIT SIZE         =   ----    ----
END OF MODULE INFORMATION.


C51 COMPILATION COMPLETE.  0 WARNING(S),  0 ERROR(S)
